time="2022-09-18T11:32:58+03:00" level=info msg="create router" func="main.main()" file="app.go:21"
time="2022-09-18T11:32:58+03:00" level=info msg="register user handler" func="main.main()" file="app.go:24"
time="2022-09-18T11:32:58+03:00" level=info msg="start application" func="main.start()" file="app.go:33"
time="2022-09-18T11:32:58+03:00" level=info msg="server is listening port 0.0.0.0:1234" func="main.start()" file="app.go:46"
time="2022-09-18T12:27:47+03:00" level=info msg="create router" func="main.main()" file="app.go:25"
time="2022-09-18T12:27:47+03:00" level=info msg="read application configuration" func="github.com/MedmeFord/RestAPItu/internal/config.GetConfig.func1()" file="config.go:24"
time="2022-09-18T12:27:47+03:00" level=info func="github.com/MedmeFord/RestAPItu/internal/config.GetConfig.func1()" file="config.go:28"
time="2022-09-18T12:27:47+03:00" level=fatal msg="open congig.yaml: no such file or directory" func="github.com/MedmeFord/RestAPItu/internal/config.GetConfig.func1()" file="config.go:29"
time="2022-09-18T12:27:52+03:00" level=info msg="create router" func="main.main()" file="app.go:25"
time="2022-09-18T12:27:52+03:00" level=info msg="read application configuration" func="github.com/MedmeFord/RestAPItu/internal/config.GetConfig.func1()" file="config.go:24"
time="2022-09-18T12:27:52+03:00" level=info func="github.com/MedmeFord/RestAPItu/internal/config.GetConfig.func1()" file="config.go:28"
time="2022-09-18T12:27:52+03:00" level=fatal msg="open congig.yaml: no such file or directory" func="github.com/MedmeFord/RestAPItu/internal/config.GetConfig.func1()" file="config.go:29"
time="2022-09-18T12:30:26+03:00" level=info msg="create router" func="main.main()" file="app.go:25"
time="2022-09-18T12:30:26+03:00" level=info msg="read application configuration" func="github.com/MedmeFord/RestAPItu/internal/config.GetConfig.func1()" file="config.go:24"
time="2022-09-18T12:30:26+03:00" level=info func="github.com/MedmeFord/RestAPItu/internal/config.GetConfig.func1()" file="config.go:28"
time="2022-09-18T12:30:26+03:00" level=fatal msg="open config.yaml: no such file or directory" func="github.com/MedmeFord/RestAPItu/internal/config.GetConfig.func1()" file="config.go:29"
time="2022-09-18T12:31:01+03:00" level=info msg="create router" func="main.main()" file="app.go:25"
time="2022-09-18T12:31:01+03:00" level=info msg="read application configuration" func="github.com/MedmeFord/RestAPItu/internal/config.GetConfig.func1()" file="config.go:24"
time="2022-09-18T12:31:01+03:00" level=info func="github.com/MedmeFord/RestAPItu/internal/config.GetConfig.func1()" file="config.go:28"
time="2022-09-18T12:31:01+03:00" level=fatal msg="open config.yaml: no such file or directory" func="github.com/MedmeFord/RestAPItu/internal/config.GetConfig.func1()" file="config.go:29"
time="2022-09-18T12:32:22+03:00" level=info msg="create router" func="main.main()" file="app.go:25"
time="2022-09-18T12:33:17+03:00" level=info msg="read application configuration" func="github.com/MedmeFord/RestAPItu/internal/config.GetConfig.func1()" file="config.go:24"
time="2022-09-18T12:34:39+03:00" level=info func="github.com/MedmeFord/RestAPItu/internal/config.GetConfig.func1()" file="config.go:28"
time="2022-09-18T12:34:41+03:00" level=fatal msg="open config.yaml: no such file or directory" func="github.com/MedmeFord/RestAPItu/internal/config.GetConfig.func1()" file="config.go:29"
time="2022-09-18T12:37:08+03:00" level=info msg="create router" func="main.main()" file="app.go:25"
time="2022-09-18T12:37:11+03:00" level=info msg="read application configuration" func="github.com/MedmeFord/RestAPItu/internal/config.GetConfig.func1()" file="config.go:24"
time="2022-09-18T12:37:11+03:00" level=info func="github.com/MedmeFord/RestAPItu/internal/config.GetConfig.func1()" file="config.go:28"
time="2022-09-18T12:37:11+03:00" level=fatal msg="open /config.yaml: no such file or directory" func="github.com/MedmeFord/RestAPItu/internal/config.GetConfig.func1()" file="config.go:29"
time="2022-09-18T12:37:18+03:00" level=info msg="create router" func="main.main()" file="app.go:25"
time="2022-09-18T12:37:26+03:00" level=info msg="read application configuration" func="github.com/MedmeFord/RestAPItu/internal/config.GetConfig.func1()" file="config.go:24"
time="2022-09-18T12:37:26+03:00" level=info func="github.com/MedmeFord/RestAPItu/internal/config.GetConfig.func1()" file="config.go:28"
time="2022-09-18T12:37:27+03:00" level=fatal msg="open /config.yaml: no such file or directory" func="github.com/MedmeFord/RestAPItu/internal/config.GetConfig.func1()" file="config.go:29"
time="2022-09-18T12:38:05+03:00" level=info msg="create router" func="main.main()" file="app.go:25"
time="2022-09-18T12:38:05+03:00" level=info msg="read application configuration" func="github.com/MedmeFord/RestAPItu/internal/config.GetConfig.func1()" file="config.go:24"
time="2022-09-18T12:38:05+03:00" level=info func="github.com/MedmeFord/RestAPItu/internal/config.GetConfig.func1()" file="config.go:28"
time="2022-09-18T12:38:05+03:00" level=fatal msg="open /config.yaml: no such file or directory" func="github.com/MedmeFord/RestAPItu/internal/config.GetConfig.func1()" file="config.go:29"
time="2022-09-18T12:47:58+03:00" level=info msg="create router" func="main.main()" file="app.go:25"
time="2022-09-18T12:47:58+03:00" level=info msg="read application configuration" func="github.com/MedmeFord/RestAPItu/internal/config.GetConfig.func1()" file="config.go:24"
time="2022-09-18T12:47:58+03:00" level=info func="github.com/MedmeFord/RestAPItu/internal/config.GetConfig.func1()" file="config.go:28"
time="2022-09-18T12:47:58+03:00" level=fatal msg="open RestAPItu/pkg/config.yaml: no such file or directory" func="github.com/MedmeFord/RestAPItu/internal/config.GetConfig.func1()" file="config.go:29"
time="2022-09-18T12:49:12+03:00" level=info msg="create router" func="main.main()" file="app.go:25"
time="2022-09-18T12:49:12+03:00" level=info msg="read application configuration" func="github.com/MedmeFord/RestAPItu/internal/config.GetConfig.func1()" file="config.go:24"
time="2022-09-18T12:49:12+03:00" level=info func="github.com/MedmeFord/RestAPItu/internal/config.GetConfig.func1()" file="config.go:28"
time="2022-09-18T12:49:12+03:00" level=fatal msg="open RestAPItu/pkg/config.yaml: no such file or directory" func="github.com/MedmeFord/RestAPItu/internal/config.GetConfig.func1()" file="config.go:29"
time="2022-09-18T12:49:18+03:00" level=info msg="create router" func="main.main()" file="app.go:25"
time="2022-09-18T12:49:18+03:00" level=info msg="read application configuration" func="github.com/MedmeFord/RestAPItu/internal/config.GetConfig.func1()" file="config.go:24"
time="2022-09-18T12:49:18+03:00" level=info func="github.com/MedmeFord/RestAPItu/internal/config.GetConfig.func1()" file="config.go:28"
time="2022-09-18T12:49:18+03:00" level=fatal msg="open RestAPItu/pkg/config.yaml: no such file or directory" func="github.com/MedmeFord/RestAPItu/internal/config.GetConfig.func1()" file="config.go:29"
time="2022-09-18T12:49:31+03:00" level=info msg="create router" func="main.main()" file="app.go:25"
time="2022-09-18T12:49:32+03:00" level=info msg="read application configuration" func="github.com/MedmeFord/RestAPItu/internal/config.GetConfig.func1()" file="config.go:24"
time="2022-09-18T12:49:32+03:00" level=info func="github.com/MedmeFord/RestAPItu/internal/config.GetConfig.func1()" file="config.go:28"
time="2022-09-18T12:49:32+03:00" level=fatal msg="open ./RestAPItu/pkg/config.yaml: no such file or directory" func="github.com/MedmeFord/RestAPItu/internal/config.GetConfig.func1()" file="config.go:29"
time="2022-09-18T12:49:35+03:00" level=info msg="create router" func="main.main()" file="app.go:25"
time="2022-09-18T12:49:35+03:00" level=info msg="read application configuration" func="github.com/MedmeFord/RestAPItu/internal/config.GetConfig.func1()" file="config.go:24"
time="2022-09-18T12:49:35+03:00" level=info func="github.com/MedmeFord/RestAPItu/internal/config.GetConfig.func1()" file="config.go:28"
time="2022-09-18T12:49:35+03:00" level=fatal msg="open ./RestAPItu/pkg/config.yaml: no such file or directory" func="github.com/MedmeFord/RestAPItu/internal/config.GetConfig.func1()" file="config.go:29"
time="2022-09-18T12:49:37+03:00" level=info msg="create router" func="main.main()" file="app.go:25"
time="2022-09-18T12:49:37+03:00" level=info msg="read application configuration" func="github.com/MedmeFord/RestAPItu/internal/config.GetConfig.func1()" file="config.go:24"
time="2022-09-18T12:49:37+03:00" level=info func="github.com/MedmeFord/RestAPItu/internal/config.GetConfig.func1()" file="config.go:28"
time="2022-09-18T12:49:37+03:00" level=fatal msg="open ./RestAPItu/pkg/config.yaml: no such file or directory" func="github.com/MedmeFord/RestAPItu/internal/config.GetConfig.func1()" file="config.go:29"
time="2022-09-18T12:50:58+03:00" level=info msg="create router" func="main.main()" file="app.go:25"
time="2022-09-18T12:50:58+03:00" level=info msg="read application configuration" func="github.com/MedmeFord/RestAPItu/internal/config.GetConfig.func1()" file="config.go:24"
time="2022-09-18T12:50:58+03:00" level=info func="github.com/MedmeFord/RestAPItu/internal/config.GetConfig.func1()" file="config.go:28"
time="2022-09-18T12:50:58+03:00" level=fatal msg="field \"IsDebug\" is required but the value is not provided" func="github.com/MedmeFord/RestAPItu/internal/config.GetConfig.func1()" file="config.go:29"
time="2022-09-18T12:56:19+03:00" level=info msg="create router" func="main.main()" file="app.go:25"
time="2022-09-18T12:56:19+03:00" level=info msg="read application configuration" func="github.com/MedmeFord/RestAPItu/internal/config.GetConfig.func1()" file="config.go:24"
time="2022-09-18T12:56:19+03:00" level=info func="github.com/MedmeFord/RestAPItu/internal/config.GetConfig.func1()" file="config.go:28"
time="2022-09-18T12:56:19+03:00" level=fatal msg="open config.yaml: no such file or directory" func="github.com/MedmeFord/RestAPItu/internal/config.GetConfig.func1()" file="config.go:29"
time="2022-09-18T12:56:30+03:00" level=info msg="create router" func="main.main()" file="app.go:25"
time="2022-09-18T12:56:30+03:00" level=info msg="read application configuration" func="github.com/MedmeFord/RestAPItu/internal/config.GetConfig.func1()" file="config.go:24"
time="2022-09-18T12:56:30+03:00" level=info func="github.com/MedmeFord/RestAPItu/internal/config.GetConfig.func1()" file="config.go:28"
time="2022-09-18T12:56:30+03:00" level=fatal msg="open ./config.yaml: no such file or directory" func="github.com/MedmeFord/RestAPItu/internal/config.GetConfig.func1()" file="config.go:29"
time="2022-09-18T12:57:08+03:00" level=info msg="create router" func="main.main()" file="app.go:25"
time="2022-09-18T12:57:08+03:00" level=info msg="read application configuration" func="github.com/MedmeFord/RestAPItu/internal/config.GetConfig.func1()" file="config.go:24"
time="2022-09-18T12:57:08+03:00" level=info func="github.com/MedmeFord/RestAPItu/internal/config.GetConfig.func1()" file="config.go:28"
time="2022-09-18T12:57:08+03:00" level=fatal msg="field \"IsDebug\" is required but the value is not provided" func="github.com/MedmeFord/RestAPItu/internal/config.GetConfig.func1()" file="config.go:29"
time="2022-09-18T12:57:41+03:00" level=info msg="create router" func="main.main()" file="app.go:25"
time="2022-09-18T12:58:04+03:00" level=info msg="read application configuration" func="github.com/MedmeFord/RestAPItu/internal/config.GetConfig.func1()" file="config.go:24"
time="2022-09-18T12:58:34+03:00" level=info msg="create router" func="main.main()" file="app.go:25"
time="2022-09-18T12:58:37+03:00" level=info msg="read application configuration" func="github.com/MedmeFord/RestAPItu/internal/config.GetConfig.func1()" file="config.go:24"
time="2022-09-18T12:58:37+03:00" level=info func="github.com/MedmeFord/RestAPItu/internal/config.GetConfig.func1()" file="config.go:29"
time="2022-09-18T12:58:37+03:00" level=fatal msg="field \"IsDebug\" is required but the value is not provided" func="github.com/MedmeFord/RestAPItu/internal/config.GetConfig.func1()" file="config.go:30"
time="2022-09-18T12:58:45+03:00" level=info msg="create router" func="main.main()" file="app.go:25"
time="2022-09-18T12:59:03+03:00" level=info msg="read application configuration" func="github.com/MedmeFord/RestAPItu/internal/config.GetConfig.func1()" file="config.go:24"
time="2022-09-18T13:02:01+03:00" level=info msg="create router" func="main.main()" file="app.go:25"
time="2022-09-18T13:02:01+03:00" level=info msg="read application configuration" func="github.com/MedmeFord/RestAPItu/internal/config.GetConfig.func1()" file="config.go:24"
time="2022-09-18T13:02:01+03:00" level=info func="github.com/MedmeFord/RestAPItu/internal/config.GetConfig.func1()" file="config.go:29"
time="2022-09-18T13:02:01+03:00" level=fatal msg="field \"IsDebug\" is required but the value is not provided" func="github.com/MedmeFord/RestAPItu/internal/config.GetConfig.func1()" file="config.go:30"
time="2022-09-18T13:56:58+03:00" level=info msg="create router" func="main.main()" file="app.go:25"
time="2022-09-18T13:56:58+03:00" level=info msg="read application configuration" func="github.com/MedmeFord/RestAPItu/internal/config.GetConfig.func1()" file="config.go:24"
time="2022-09-18T13:56:58+03:00" level=info func="github.com/MedmeFord/RestAPItu/internal/config.GetConfig.func1()" file="config.go:29"
time="2022-09-18T13:56:58+03:00" level=fatal msg="field \"IsDebug\" is required but the value is not provided" func="github.com/MedmeFord/RestAPItu/internal/config.GetConfig.func1()" file="config.go:30"
time="2022-09-18T14:02:24+03:00" level=info msg="create router" func="main.main()" file="app.go:25"
time="2022-09-18T14:02:24+03:00" level=info msg="read application configuration" func="github.com/MedmeFord/RestAPItu/internal/config.GetConfig.func1()" file="config.go:24"
time="2022-09-18T14:02:24+03:00" level=info func="github.com/MedmeFord/RestAPItu/internal/config.GetConfig.func1()" file="config.go:29"
time="2022-09-18T14:02:24+03:00" level=fatal msg="field \"IsDebug\" is required but the value is not provided" func="github.com/MedmeFord/RestAPItu/internal/config.GetConfig.func1()" file="config.go:30"
time="2022-09-18T14:11:45+03:00" level=info msg="create router" func="main.main()" file="app.go:25"
time="2022-09-18T14:11:45+03:00" level=info msg="read application configuration" func="github.com/MedmeFord/RestAPItu/internal/config.GetConfig.func1()" file="config.go:24"
time="2022-09-18T14:11:45+03:00" level=info msg="register user handler" func="main.main()" file="app.go:30"
time="2022-09-18T14:11:45+03:00" level=info msg="start application" func="main.start()" file="app.go:39"
time="2022-09-18T14:11:45+03:00" level=info msg="listen tcp" func="main.start()" file="app.go:56"
time="2022-09-18T14:11:45+03:00" level=info msg="server is listening port 0.0.0.0:1234" func="main.start()" file="app.go:69"
time="2022-09-18T15:03:00+03:00" level=info msg="create router" func="main.main()" file="app.go:25"
time="2022-09-18T15:03:00+03:00" level=info msg="read application configuration" func="github.com/MedmeFord/RestAPItu/internal/config.GetConfig.func1()" file="config.go:24"
time="2022-09-18T15:03:00+03:00" level=info msg="register user handler" func="main.main()" file="app.go:30"
time="2022-09-18T15:03:00+03:00" level=info msg="start application" func="main.start()" file="app.go:39"
time="2022-09-18T15:03:00+03:00" level=info msg="listen tcp" func="main.start()" file="app.go:56"
time="2022-09-18T15:03:00+03:00" level=info msg="server is listening ip :10000" func="main.start()" file="app.go:69"
time="2022-09-18T15:03:51+03:00" level=info msg="create router" func="main.main()" file="app.go:25"
time="2022-09-18T15:03:51+03:00" level=info msg="read application configuration" func="github.com/MedmeFord/RestAPItu/internal/config.GetConfig.func1()" file="config.go:24"
time="2022-09-18T15:03:51+03:00" level=info msg="register user handler" func="main.main()" file="app.go:30"
time="2022-09-18T15:03:51+03:00" level=info msg="start application" func="main.start()" file="app.go:39"
time="2022-09-18T15:03:51+03:00" level=info msg="listen tcp" func="main.start()" file="app.go:56"
time="2022-09-18T15:03:51+03:00" level=info msg="server is listening ip :10000" func="main.start()" file="app.go:69"
time="2022-09-18T15:03:58+03:00" level=info msg="create router" func="main.main()" file="app.go:25"
time="2022-09-18T15:03:58+03:00" level=info msg="read application configuration" func="github.com/MedmeFord/RestAPItu/internal/config.GetConfig.func1()" file="config.go:24"
time="2022-09-18T15:03:58+03:00" level=info msg="register user handler" func="main.main()" file="app.go:30"
time="2022-09-18T15:03:58+03:00" level=info msg="start application" func="main.start()" file="app.go:39"
time="2022-09-18T15:03:58+03:00" level=info msg="listen tcp" func="main.start()" file="app.go:56"
time="2022-09-18T15:03:58+03:00" level=info msg="server is listening ip 0.0.0.0:10000" func="main.start()" file="app.go:69"
time="2022-09-18T15:05:21+03:00" level=info msg="create router" func="main.main()" file="app.go:25"
time="2022-09-18T15:05:21+03:00" level=info msg="read application configuration" func="github.com/MedmeFord/RestAPItu/internal/config.GetConfig.func1()" file="config.go:24"
time="2022-09-18T15:05:21+03:00" level=info msg="register user handler" func="main.main()" file="app.go:30"
time="2022-09-18T15:05:21+03:00" level=info msg="start application" func="main.start()" file="app.go:39"
time="2022-09-18T15:05:21+03:00" level=info msg=createSocket func="main.start()" file="app.go:48"
time="2022-09-18T15:05:21+03:00" level=debug msg="socket path: /Users/parkinso/Desktop/RestAPItu/build/app.sock" func="main.start()" file="app.go:50"
time="2022-09-18T15:05:21+03:00" level=info msg="listen unix socket" func="main.start()" file="app.go:52"
time="2022-09-18T15:05:21+03:00" level=info msg="server is listening ip :" func="main.start()" file="app.go:69"
time="2022-09-18T15:06:56+03:00" level=info msg="create router" func="main.main()" file="app.go:25"
time="2022-09-18T15:06:56+03:00" level=info msg="read application configuration" func="github.com/MedmeFord/RestAPItu/internal/config.GetConfig.func1()" file="config.go:24"
time="2022-09-18T15:06:56+03:00" level=info msg="register user handler" func="main.main()" file="app.go:30"
time="2022-09-18T15:06:56+03:00" level=info msg="start application" func="main.start()" file="app.go:39"
time="2022-09-18T15:06:56+03:00" level=info msg=createSocket func="main.start()" file="app.go:48"
time="2022-09-18T15:06:56+03:00" level=debug msg="socket path: /Users/parkinso/Desktop/RestAPItu/build/app.sock" func="main.start()" file="app.go:50"
time="2022-09-18T15:06:56+03:00" level=info msg="listen unix socket" func="main.start()" file="app.go:52"
time="2022-09-18T15:06:56+03:00" level=fatal msg="listen unix /Users/parkinso/Desktop/RestAPItu/build/app.sock: bind: address already in use" func="main.start()" file="app.go:60"
time="2022-09-18T15:07:14+03:00" level=info msg="create router" func="main.main()" file="app.go:25"
time="2022-09-18T15:07:14+03:00" level=info msg="read application configuration" func="github.com/MedmeFord/RestAPItu/internal/config.GetConfig.func1()" file="config.go:24"
time="2022-09-18T15:07:14+03:00" level=info msg="register user handler" func="main.main()" file="app.go:30"
time="2022-09-18T15:07:14+03:00" level=info msg="start application" func="main.start()" file="app.go:39"
time="2022-09-18T15:07:14+03:00" level=info msg=createSocket func="main.start()" file="app.go:48"
time="2022-09-18T15:07:14+03:00" level=debug msg="socket path: /Users/parkinso/Desktop/RestAPItu/build/app.sock" func="main.start()" file="app.go:50"
time="2022-09-18T15:07:14+03:00" level=info msg="listen unix socket" func="main.start()" file="app.go:52"
time="2022-09-18T15:07:14+03:00" level=fatal msg="listen unix /Users/parkinso/Desktop/RestAPItu/build/app.sock: bind: address already in use" func="main.start()" file="app.go:60"
time="2022-09-18T15:07:17+03:00" level=info msg="create router" func="main.main()" file="app.go:25"
time="2022-09-18T15:07:17+03:00" level=info msg="read application configuration" func="github.com/MedmeFord/RestAPItu/internal/config.GetConfig.func1()" file="config.go:24"
time="2022-09-18T15:07:17+03:00" level=info msg="register user handler" func="main.main()" file="app.go:30"
time="2022-09-18T15:07:17+03:00" level=info msg="start application" func="main.start()" file="app.go:39"
time="2022-09-18T15:07:17+03:00" level=info msg=createSocket func="main.start()" file="app.go:48"
time="2022-09-18T15:07:17+03:00" level=debug msg="socket path: /Users/parkinso/Desktop/RestAPItu/build/app.sock" func="main.start()" file="app.go:50"
time="2022-09-18T15:07:17+03:00" level=info msg="listen unix socket" func="main.start()" file="app.go:52"
time="2022-09-18T15:07:17+03:00" level=fatal msg="listen unix /Users/parkinso/Desktop/RestAPItu/build/app.sock: bind: address already in use" func="main.start()" file="app.go:60"
time="2022-09-18T15:07:18+03:00" level=info msg="create router" func="main.main()" file="app.go:25"
time="2022-09-18T15:07:18+03:00" level=info msg="read application configuration" func="github.com/MedmeFord/RestAPItu/internal/config.GetConfig.func1()" file="config.go:24"
time="2022-09-18T15:07:18+03:00" level=info msg="register user handler" func="main.main()" file="app.go:30"
time="2022-09-18T15:07:18+03:00" level=info msg="start application" func="main.start()" file="app.go:39"
time="2022-09-18T15:07:18+03:00" level=info msg=createSocket func="main.start()" file="app.go:48"
time="2022-09-18T15:07:18+03:00" level=debug msg="socket path: /Users/parkinso/Desktop/RestAPItu/build/app.sock" func="main.start()" file="app.go:50"
time="2022-09-18T15:07:18+03:00" level=info msg="listen unix socket" func="main.start()" file="app.go:52"
time="2022-09-18T15:07:18+03:00" level=fatal msg="listen unix /Users/parkinso/Desktop/RestAPItu/build/app.sock: bind: address already in use" func="main.start()" file="app.go:60"
time="2022-09-18T15:07:19+03:00" level=info msg="create router" func="main.main()" file="app.go:25"
time="2022-09-18T15:07:19+03:00" level=info msg="read application configuration" func="github.com/MedmeFord/RestAPItu/internal/config.GetConfig.func1()" file="config.go:24"
time="2022-09-18T15:07:19+03:00" level=info msg="register user handler" func="main.main()" file="app.go:30"
time="2022-09-18T15:07:19+03:00" level=info msg="start application" func="main.start()" file="app.go:39"
time="2022-09-18T15:07:19+03:00" level=info msg=createSocket func="main.start()" file="app.go:48"
time="2022-09-18T15:07:19+03:00" level=debug msg="socket path: /Users/parkinso/Desktop/RestAPItu/build/app.sock" func="main.start()" file="app.go:50"
time="2022-09-18T15:07:19+03:00" level=info msg="listen unix socket" func="main.start()" file="app.go:52"
time="2022-09-18T15:07:19+03:00" level=fatal msg="listen unix /Users/parkinso/Desktop/RestAPItu/build/app.sock: bind: address already in use" func="main.start()" file="app.go:60"
time="2022-09-18T15:07:20+03:00" level=info msg="create router" func="main.main()" file="app.go:25"
time="2022-09-18T15:07:20+03:00" level=info msg="read application configuration" func="github.com/MedmeFord/RestAPItu/internal/config.GetConfig.func1()" file="config.go:24"
time="2022-09-18T15:07:20+03:00" level=info msg="register user handler" func="main.main()" file="app.go:30"
time="2022-09-18T15:07:20+03:00" level=info msg="start application" func="main.start()" file="app.go:39"
time="2022-09-18T15:07:20+03:00" level=info msg=createSocket func="main.start()" file="app.go:48"
time="2022-09-18T15:07:20+03:00" level=debug msg="socket path: /Users/parkinso/Desktop/RestAPItu/build/app.sock" func="main.start()" file="app.go:50"
time="2022-09-18T15:07:20+03:00" level=info msg="listen unix socket" func="main.start()" file="app.go:52"
time="2022-09-18T15:07:20+03:00" level=fatal msg="listen unix /Users/parkinso/Desktop/RestAPItu/build/app.sock: bind: address already in use" func="main.start()" file="app.go:60"
time="2022-09-18T15:07:29+03:00" level=info msg="create router" func="main.main()" file="app.go:25"
time="2022-09-18T15:07:29+03:00" level=info msg="read application configuration" func="github.com/MedmeFord/RestAPItu/internal/config.GetConfig.func1()" file="config.go:24"
time="2022-09-18T15:07:29+03:00" level=info msg="register user handler" func="main.main()" file="app.go:30"
time="2022-09-18T15:07:29+03:00" level=info msg="start application" func="main.start()" file="app.go:39"
time="2022-09-18T15:07:29+03:00" level=info msg=createSocket func="main.start()" file="app.go:48"
time="2022-09-18T15:07:29+03:00" level=debug msg="socket path: /Users/parkinso/Desktop/RestAPItu/build/app.sock" func="main.start()" file="app.go:50"
time="2022-09-18T15:07:29+03:00" level=info msg="listen unix socket" func="main.start()" file="app.go:52"
time="2022-09-18T15:07:29+03:00" level=info msg="server is listening ip :" func="main.start()" file="app.go:69"
time="2022-09-18T15:07:35+03:00" level=info msg="create router" func="main.main()" file="app.go:25"
time="2022-09-18T15:07:35+03:00" level=info msg="read application configuration" func="github.com/MedmeFord/RestAPItu/internal/config.GetConfig.func1()" file="config.go:24"
time="2022-09-18T15:07:35+03:00" level=info msg="register user handler" func="main.main()" file="app.go:30"
time="2022-09-18T15:07:35+03:00" level=info msg="start application" func="main.start()" file="app.go:39"
time="2022-09-18T15:07:35+03:00" level=info msg=createSocket func="main.start()" file="app.go:48"
time="2022-09-18T15:07:35+03:00" level=debug msg="socket path: /Users/parkinso/Desktop/RestAPItu/build/app.sock" func="main.start()" file="app.go:50"
time="2022-09-18T15:07:35+03:00" level=info msg="listen unix socket" func="main.start()" file="app.go:52"
time="2022-09-18T15:07:35+03:00" level=fatal msg="listen unix /Users/parkinso/Desktop/RestAPItu/build/app.sock: bind: address already in use" func="main.start()" file="app.go:60"
time="2022-09-18T15:07:47+03:00" level=info msg="create router" func="main.main()" file="app.go:25"
time="2022-09-18T15:07:47+03:00" level=info msg="read application configuration" func="github.com/MedmeFord/RestAPItu/internal/config.GetConfig.func1()" file="config.go:24"
time="2022-09-18T15:07:47+03:00" level=info msg="register user handler" func="main.main()" file="app.go:30"
time="2022-09-18T15:07:47+03:00" level=info msg="start application" func="main.start()" file="app.go:39"
time="2022-09-18T15:07:47+03:00" level=info msg=createSocket func="main.start()" file="app.go:48"
time="2022-09-18T15:07:47+03:00" level=debug msg="socket path: /Users/parkinso/Desktop/RestAPItu/build/app.sock" func="main.start()" file="app.go:50"
time="2022-09-18T15:07:47+03:00" level=info msg="listen unix socket" func="main.start()" file="app.go:52"
time="2022-09-18T15:07:47+03:00" level=info msg="server is listening ip :" func="main.start()" file="app.go:69"
time="2022-09-18T15:09:19+03:00" level=info msg="create router" func="main.main()" file="app.go:25"
time="2022-09-18T15:09:19+03:00" level=info msg="read application configuration" func="github.com/MedmeFord/RestAPItu/internal/config.GetConfig.func1()" file="config.go:24"
time="2022-09-18T15:09:19+03:00" level=info msg="register user handler" func="main.main()" file="app.go:30"
time="2022-09-18T15:09:19+03:00" level=info msg="start application" func="main.start()" file="app.go:39"
time="2022-09-18T15:09:19+03:00" level=info msg=createSocket func="main.start()" file="app.go:48"
time="2022-09-18T15:09:19+03:00" level=debug msg="socket path: /Users/parkinso/Desktop/RestAPItu/build/app.sock" func="main.start()" file="app.go:50"
time="2022-09-18T15:09:19+03:00" level=info msg="listen unix socket" func="main.start()" file="app.go:52"
time="2022-09-18T15:09:19+03:00" level=fatal msg="listen unix /Users/parkinso/Desktop/RestAPItu/build/app.sock: bind: address already in use" func="main.start()" file="app.go:60"
time="2022-09-18T15:09:28+03:00" level=info msg="create router" func="main.main()" file="app.go:25"
time="2022-09-18T15:09:28+03:00" level=info msg="read application configuration" func="github.com/MedmeFord/RestAPItu/internal/config.GetConfig.func1()" file="config.go:24"
time="2022-09-18T15:09:28+03:00" level=info msg="register user handler" func="main.main()" file="app.go:30"
time="2022-09-18T15:09:28+03:00" level=info msg="start application" func="main.start()" file="app.go:39"
time="2022-09-18T15:09:28+03:00" level=info msg=createSocket func="main.start()" file="app.go:48"
time="2022-09-18T15:09:28+03:00" level=debug msg="socket path: /Users/parkinso/Desktop/RestAPItu/build/app.sock" func="main.start()" file="app.go:50"
time="2022-09-18T15:09:28+03:00" level=info msg="listen unix socket" func="main.start()" file="app.go:52"
time="2022-09-18T15:09:28+03:00" level=info msg="server is listening ip :" func="main.start()" file="app.go:69"
time="2022-09-18T15:11:19+03:00" level=info msg="create router" func="main.main()" file="app.go:25"
time="2022-09-18T15:11:19+03:00" level=info msg="read application configuration" func="github.com/MedmeFord/RestAPItu/internal/config.GetConfig.func1()" file="config.go:24"
time="2022-09-18T15:11:19+03:00" level=info msg="register user handler" func="main.main()" file="app.go:30"
time="2022-09-18T15:11:19+03:00" level=info msg="start application" func="main.start()" file="app.go:39"
time="2022-09-18T15:11:19+03:00" level=info msg=createSocket func="main.start()" file="app.go:48"
time="2022-09-18T15:11:19+03:00" level=debug msg="socket path: /Users/parkinso/Desktop/RestAPItu/build/app.sock" func="main.start()" file="app.go:50"
time="2022-09-18T15:11:19+03:00" level=info msg="listen unix socket" func="main.start()" file="app.go:52"
time="2022-09-18T15:11:19+03:00" level=info msg="server is listening ip :" func="main.start()" file="app.go:69"
time="2022-09-18T15:11:33+03:00" level=info msg="create router" func="main.main()" file="app.go:25"
time="2022-09-18T15:11:33+03:00" level=info msg="read application configuration" func="github.com/MedmeFord/RestAPItu/internal/config.GetConfig.func1()" file="config.go:24"
time="2022-09-18T15:11:33+03:00" level=info msg="register user handler" func="main.main()" file="app.go:30"
time="2022-09-18T15:11:33+03:00" level=info msg="start application" func="main.start()" file="app.go:39"
time="2022-09-18T15:11:33+03:00" level=info msg=createSocket func="main.start()" file="app.go:48"
time="2022-09-18T15:11:33+03:00" level=debug msg="socket path: /Users/parkinso/Desktop/RestAPItu/build/app.sock" func="main.start()" file="app.go:50"
time="2022-09-18T15:11:33+03:00" level=info msg="listen unix socket" func="main.start()" file="app.go:52"
time="2022-09-18T15:11:33+03:00" level=fatal msg="listen unix /Users/parkinso/Desktop/RestAPItu/build/app.sock: bind: address already in use" func="main.start()" file="app.go:60"
time="2022-09-18T15:12:28+03:00" level=info msg="create router" func="main.main()" file="app.go:25"
time="2022-09-18T15:12:28+03:00" level=info msg="read application configuration" func="github.com/MedmeFord/RestAPItu/internal/config.GetConfig.func1()" file="config.go:24"
time="2022-09-18T15:12:28+03:00" level=info msg="register user handler" func="main.main()" file="app.go:30"
time="2022-09-18T15:12:28+03:00" level=info msg="start application" func="main.start()" file="app.go:39"
time="2022-09-18T15:12:28+03:00" level=info msg=createSocket func="main.start()" file="app.go:48"
time="2022-09-18T15:12:28+03:00" level=debug msg="socket path: /Users/parkinso/Desktop/RestAPItu/build/app.sock" func="main.start()" file="app.go:50"
time="2022-09-18T15:12:28+03:00" level=info msg="listen unix socket" func="main.start()" file="app.go:52"
time="2022-09-18T15:12:28+03:00" level=info msg="server is listening ip :" func="main.start()" file="app.go:69"
time="2022-09-18T15:15:23+03:00" level=info msg="create router" func="main.main()" file="app.go:25"
time="2022-09-18T15:15:23+03:00" level=info msg="read application configuration" func="github.com/MedmeFord/RestAPItu/internal/config.GetConfig.func1()" file="config.go:24"
time="2022-09-18T15:15:23+03:00" level=info msg="register user handler" func="main.main()" file="app.go:30"
time="2022-09-18T15:15:23+03:00" level=info msg="start application" func="main.start()" file="app.go:39"
time="2022-09-18T15:15:23+03:00" level=info msg=createSocket func="main.start()" file="app.go:48"
time="2022-09-18T15:15:23+03:00" level=debug msg="socket path: /Users/parkinso/Desktop/RestAPItu/build/app.sock" func="main.start()" file="app.go:50"
time="2022-09-18T15:15:23+03:00" level=info msg="listen unix socket" func="main.start()" file="app.go:52"
time="2022-09-18T15:15:23+03:00" level=fatal msg="listen unix /Users/parkinso/Desktop/RestAPItu/build/app.sock: bind: address already in use" func="main.start()" file="app.go:60"
time="2022-09-18T15:15:26+03:00" level=info msg="create router" func="main.main()" file="app.go:25"
time="2022-09-18T15:15:26+03:00" level=info msg="read application configuration" func="github.com/MedmeFord/RestAPItu/internal/config.GetConfig.func1()" file="config.go:24"
time="2022-09-18T15:15:26+03:00" level=info msg="register user handler" func="main.main()" file="app.go:30"
time="2022-09-18T15:15:26+03:00" level=info msg="start application" func="main.start()" file="app.go:39"
time="2022-09-18T15:15:26+03:00" level=info msg=createSocket func="main.start()" file="app.go:48"
time="2022-09-18T15:15:26+03:00" level=debug msg="socket path: /Users/parkinso/Desktop/RestAPItu/build/app.sock" func="main.start()" file="app.go:50"
time="2022-09-18T15:15:26+03:00" level=info msg="listen unix socket" func="main.start()" file="app.go:52"
time="2022-09-18T15:15:26+03:00" level=info msg="server is listening ip :" func="main.start()" file="app.go:69"
time="2022-09-18T15:16:07+03:00" level=info msg="create router" func="main.main()" file="app.go:25"
time="2022-09-18T15:16:07+03:00" level=info msg="read application configuration" func="github.com/MedmeFord/RestAPItu/internal/config.GetConfig.func1()" file="config.go:24"
time="2022-09-18T15:16:07+03:00" level=info msg="register user handler" func="main.main()" file="app.go:30"
time="2022-09-18T15:16:07+03:00" level=info msg="start application" func="main.start()" file="app.go:39"
time="2022-09-18T15:16:07+03:00" level=info msg=createSocket func="main.start()" file="app.go:48"
time="2022-09-18T15:16:07+03:00" level=debug msg="socket path: /Users/parkinso/Desktop/RestAPItu/build/app.sock" func="main.start()" file="app.go:50"
time="2022-09-18T15:16:07+03:00" level=info msg="listen unix socket" func="main.start()" file="app.go:52"
time="2022-09-18T15:16:07+03:00" level=fatal msg="listen unix /Users/parkinso/Desktop/RestAPItu/build/app.sock: bind: address already in use" func="main.start()" file="app.go:60"
time="2022-09-18T15:16:12+03:00" level=info msg="create router" func="main.main()" file="app.go:25"
time="2022-09-18T15:16:12+03:00" level=info msg="read application configuration" func="github.com/MedmeFord/RestAPItu/internal/config.GetConfig.func1()" file="config.go:24"
time="2022-09-18T15:16:12+03:00" level=info msg="register user handler" func="main.main()" file="app.go:30"
time="2022-09-18T15:16:12+03:00" level=info msg="start application" func="main.start()" file="app.go:39"
time="2022-09-18T15:16:12+03:00" level=info msg=createSocket func="main.start()" file="app.go:48"
time="2022-09-18T15:16:12+03:00" level=debug msg="socket path: /Users/parkinso/Desktop/RestAPItu/build/app.sock" func="main.start()" file="app.go:50"
time="2022-09-18T15:16:12+03:00" level=info msg="listen unix socket" func="main.start()" file="app.go:52"
time="2022-09-18T15:16:12+03:00" level=info msg="server is listening ip :" func="main.start()" file="app.go:69"
time="2022-09-18T15:16:34+03:00" level=info msg="create router" func="main.main()" file="app.go:25"
time="2022-09-18T15:16:34+03:00" level=info msg="read application configuration" func="github.com/MedmeFord/RestAPItu/internal/config.GetConfig.func1()" file="config.go:24"
time="2022-09-18T15:16:34+03:00" level=info msg="register user handler" func="main.main()" file="app.go:30"
time="2022-09-18T15:16:34+03:00" level=info msg="start application" func="main.start()" file="app.go:39"
time="2022-09-18T15:16:34+03:00" level=info msg=createSocket func="main.start()" file="app.go:48"
time="2022-09-18T15:16:34+03:00" level=debug msg="socket path: /Users/parkinso/Desktop/RestAPItu/build/app.sock" func="main.start()" file="app.go:50"
time="2022-09-18T15:16:34+03:00" level=info msg="listen unix socket" func="main.start()" file="app.go:52"
time="2022-09-18T15:16:34+03:00" level=fatal msg="listen unix /Users/parkinso/Desktop/RestAPItu/build/app.sock: bind: address already in use" func="main.start()" file="app.go:60"
time="2022-09-18T15:16:37+03:00" level=info msg="create router" func="main.main()" file="app.go:25"
time="2022-09-18T15:16:37+03:00" level=info msg="read application configuration" func="github.com/MedmeFord/RestAPItu/internal/config.GetConfig.func1()" file="config.go:24"
time="2022-09-18T15:16:37+03:00" level=info msg="register user handler" func="main.main()" file="app.go:30"
time="2022-09-18T15:16:37+03:00" level=info msg="start application" func="main.start()" file="app.go:39"
time="2022-09-18T15:16:37+03:00" level=info msg=createSocket func="main.start()" file="app.go:48"
time="2022-09-18T15:16:37+03:00" level=debug msg="socket path: /Users/parkinso/Desktop/RestAPItu/build/app.sock" func="main.start()" file="app.go:50"
time="2022-09-18T15:16:37+03:00" level=info msg="listen unix socket" func="main.start()" file="app.go:52"
time="2022-09-18T15:16:37+03:00" level=fatal msg="listen unix /Users/parkinso/Desktop/RestAPItu/build/app.sock: bind: address already in use" func="main.start()" file="app.go:60"
time="2022-09-18T15:16:41+03:00" level=info msg="create router" func="main.main()" file="app.go:25"
time="2022-09-18T15:16:41+03:00" level=info msg="read application configuration" func="github.com/MedmeFord/RestAPItu/internal/config.GetConfig.func1()" file="config.go:24"
time="2022-09-18T15:16:41+03:00" level=info msg="register user handler" func="main.main()" file="app.go:30"
time="2022-09-18T15:16:41+03:00" level=info msg="start application" func="main.start()" file="app.go:39"
time="2022-09-18T15:16:41+03:00" level=info msg=createSocket func="main.start()" file="app.go:48"
time="2022-09-18T15:16:41+03:00" level=debug msg="socket path: /Users/parkinso/Desktop/RestAPItu/build/app.sock" func="main.start()" file="app.go:50"
time="2022-09-18T15:16:41+03:00" level=info msg="listen unix socket" func="main.start()" file="app.go:52"
time="2022-09-18T15:16:41+03:00" level=info msg="server is listening port :" func="main.start()" file="app.go:69"
time="2022-09-18T15:18:28+03:00" level=info msg="create router" func="main.main()" file="app.go:25"
time="2022-09-18T15:18:48+03:00" level=info msg="read application configuration" func="github.com/MedmeFord/RestAPItu/internal/config.GetConfig.func1()" file="config.go:24"
time="2022-09-18T15:20:38+03:00" level=info msg="create router" func="main.main()" file="app.go:25"
time="2022-09-18T15:20:38+03:00" level=info msg="read application configuration" func="github.com/MedmeFord/RestAPItu/internal/config.GetConfig.func1()" file="config.go:24"
time="2022-09-18T15:22:45+03:00" level=info msg="create router" func="main.main()" file="app.go:25"
time="2022-09-18T15:22:45+03:00" level=info msg="read application configuration" func="github.com/MedmeFord/RestAPItu/internal/config.GetConfig.func1()" file="config.go:24"
time="2022-09-18T15:22:45+03:00" level=info msg="register user handler" func="main.main()" file="app.go:30"
time="2022-09-18T15:22:45+03:00" level=info msg="start application" func="main.start()" file="app.go:39"
time="2022-09-18T15:22:45+03:00" level=info msg="create socket" func="main.start()" file="app.go:48"
time="2022-09-18T15:22:45+03:00" level=debug msg="socket path: /Users/parkinso/Desktop/RestAPItu/build/app.sock" func="main.start()" file="app.go:50"
time="2022-09-18T15:22:45+03:00" level=info msg="listen unix socket" func="main.start()" file="app.go:52"
time="2022-09-18T15:22:45+03:00" level=info msg="server is listening port 127.0.0.1:8080" func="main.start()" file="app.go:69"
time="2022-09-18T15:28:44+03:00" level=info msg="create router" func="main.main()" file="app.go:25"
time="2022-09-18T15:28:44+03:00" level=info msg="read application configuration" func="github.com/MedmeFord/RestAPItu/internal/config.GetConfig.func1()" file="config.go:24"
time="2022-09-18T15:28:44+03:00" level=info msg="register user handler" func="main.main()" file="app.go:30"
time="2022-09-18T15:28:44+03:00" level=info msg="start application" func="main.start()" file="app.go:39"
time="2022-09-18T15:28:44+03:00" level=info msg="detect app path" func="main.start()" file="app.go:44"
time="2022-09-18T15:28:44+03:00" level=info msg="create socket" func="main.start()" file="app.go:49"
time="2022-09-18T15:28:44+03:00" level=debug msg="socket path: /Users/parkinso/Desktop/RestAPItu/build/app.sock" func="main.start()" file="app.go:51"
time="2022-09-18T15:28:44+03:00" level=info msg="listen unix socket" func="main.start()" file="app.go:53"
time="2022-09-18T15:28:44+03:00" level=info msg="server is listening unix socket: /Users/parkinso/Desktop/RestAPItu/build/app.sock" func="main.start()" file="app.go:55"
time="2022-09-18T15:28:44+03:00" level=fatal msg="listen unix /Users/parkinso/Desktop/RestAPItu/build/app.sock: bind: address already in use" func="main.start()" file="app.go:62"
time="2022-09-18T15:30:40+03:00" level=info msg="create router" func="main.main()" file="app.go:25"
time="2022-09-18T15:30:40+03:00" level=info msg="read application configuration" func="github.com/MedmeFord/RestAPItu/internal/config.GetConfig.func1()" file="config.go:24"
time="2022-09-18T15:30:40+03:00" level=info msg="register user handler" func="main.main()" file="app.go:30"
time="2022-09-18T15:30:40+03:00" level=info msg="start application" func="main.start()" file="app.go:39"
time="2022-09-18T15:30:40+03:00" level=info msg="detect app path" func="main.start()" file="app.go:44"
time="2022-09-18T15:30:40+03:00" level=info msg="create socket" func="main.start()" file="app.go:49"
time="2022-09-18T15:30:40+03:00" level=debug msg="socket path: /Users/parkinso/Desktop/RestAPItu/build/app.sock" func="main.start()" file="app.go:51"
time="2022-09-18T15:30:40+03:00" level=info msg="listen unix socket" func="main.start()" file="app.go:53"
time="2022-09-18T15:30:40+03:00" level=info msg="server is listening unix socket: /Users/parkinso/Desktop/RestAPItu/build/app.sock" func="main.start()" file="app.go:55"
time="2022-09-18T15:33:12+03:00" level=info msg="create router" func="main.main()" file="app.go:25"
time="2022-09-18T15:33:12+03:00" level=info msg="read application configuration" func="github.com/MedmeFord/RestAPItu/internal/config.GetConfig.func1()" file="config.go:24"
time="2022-09-18T15:33:12+03:00" level=info msg="register user handler" func="main.main()" file="app.go:30"
time="2022-09-18T15:33:12+03:00" level=info msg="start application" func="main.start()" file="app.go:39"
time="2022-09-18T15:33:12+03:00" level=info msg="detect app path" func="main.start()" file="app.go:44"
time="2022-09-18T15:33:12+03:00" level=info msg="create socket" func="main.start()" file="app.go:49"
time="2022-09-18T15:33:12+03:00" level=info msg="listen unix socket" func="main.start()" file="app.go:52"
time="2022-09-18T15:33:12+03:00" level=info msg="server is listening unix socket: /Users/parkinso/Desktop/RestAPItu/build/app.sock" func="main.start()" file="app.go:54"
